<?xml version="1.0" encoding="UTF-8"?>
<testsuite xmlns:xsi="http://www.w3.org/2001/XMLSchema-instance" xsi:noNamespaceSchemaLocation="https://maven.apache.org/surefire/maven-surefire-plugin/xsd/surefire-test-report-3.0.xsd" version="3.0" name="TestSuite" time="22.613" tests="1" errors="0" skipped="0" failures="0">
  <properties>
    <property name="awt.toolkit" value="sun.lwawt.macosx.LWCToolkit"/>
    <property name="java.specification.version" value="12"/>
    <property name="webdriver.chrome.driver" value="/Users/abhishekp/Downloads/chromedriver"/>
    <property name="sun.jnu.encoding" value="UTF-8"/>
    <property name="java.class.path" value="/Users/abhishekp/eclipse-workspace/CucumberBDDTestProject/target/test-classes:/Users/abhishekp/eclipse-workspace/CucumberBDDTestProject/target/classes:/Users/abhishekp/.m2/repository/info/cukes/cucumber-core/1.2.4/cucumber-core-1.2.4.jar:/Users/abhishekp/.m2/repository/info/cukes/cucumber-html/0.2.3/cucumber-html-0.2.3.jar:/Users/abhishekp/.m2/repository/info/cukes/cucumber-jvm-deps/1.0.5/cucumber-jvm-deps-1.0.5.jar:/Users/abhishekp/.m2/repository/info/cukes/gherkin/2.12.2/gherkin-2.12.2.jar:/Users/abhishekp/.m2/repository/info/cukes/cucumber-java/1.2.4/cucumber-java-1.2.4.jar:/Users/abhishekp/.m2/repository/com/vimalselvam/cucumber-extentsreport/1.1.0/cucumber-extentsreport-1.1.0.jar:/Users/abhishekp/.m2/repository/com/relevantcodes/extentreports/2.41.0/extentreports-2.41.0.jar:/Users/abhishekp/.m2/repository/org/jsoup/jsoup/1.8.3/jsoup-1.8.3.jar:/Users/abhishekp/.m2/repository/org/xerial/sqlite-jdbc/3.8.11.1/sqlite-jdbc-3.8.11.1.jar:/Users/abhishekp/.m2/repository/org/freemarker/freemarker/2.3.23/freemarker-2.3.23.jar:/Users/abhishekp/.m2/repository/org/mongodb/mongodb-driver/3.0.4/mongodb-driver-3.0.4.jar:/Users/abhishekp/.m2/repository/org/mongodb/bson/3.0.4/bson-3.0.4.jar:/Users/abhishekp/.m2/repository/org/mongodb/mongodb-driver-core/3.0.4/mongodb-driver-core-3.0.4.jar:/Users/abhishekp/.m2/repository/org/apache/directory/studio/org.apache.commons.codec/1.8/org.apache.commons.codec-1.8.jar:/Users/abhishekp/.m2/repository/info/cukes/cucumber-picocontainer/1.2.4/cucumber-picocontainer-1.2.4.jar:/Users/abhishekp/.m2/repository/org/picocontainer/picocontainer/2.15/picocontainer-2.15.jar:/Users/abhishekp/.m2/repository/org/seleniumhq/selenium/selenium-server/3.8.1/selenium-server-3.8.1.jar:/Users/abhishekp/.m2/repository/org/seleniumhq/selenium/selenium-java/3.8.1/selenium-java-3.8.1.jar:/Users/abhishekp/.m2/repository/org/seleniumhq/selenium/selenium-api/3.8.1/selenium-api-3.8.1.jar:/Users/abhishekp/.m2/repository/org/seleniumhq/selenium/selenium-chrome-driver/3.8.1/selenium-chrome-driver-3.8.1.jar:/Users/abhishekp/.m2/repository/org/seleniumhq/selenium/selenium-edge-driver/3.8.1/selenium-edge-driver-3.8.1.jar:/Users/abhishekp/.m2/repository/org/seleniumhq/selenium/selenium-firefox-driver/3.8.1/selenium-firefox-driver-3.8.1.jar:/Users/abhishekp/.m2/repository/org/seleniumhq/selenium/selenium-ie-driver/3.8.1/selenium-ie-driver-3.8.1.jar:/Users/abhishekp/.m2/repository/org/seleniumhq/selenium/selenium-opera-driver/3.8.1/selenium-opera-driver-3.8.1.jar:/Users/abhishekp/.m2/repository/org/seleniumhq/selenium/selenium-remote-driver/3.8.1/selenium-remote-driver-3.8.1.jar:/Users/abhishekp/.m2/repository/org/seleniumhq/selenium/selenium-safari-driver/3.8.1/selenium-safari-driver-3.8.1.jar:/Users/abhishekp/.m2/repository/org/seleniumhq/selenium/selenium-support/3.8.1/selenium-support-3.8.1.jar:/Users/abhishekp/.m2/repository/com/beust/jcommander/1.48/jcommander-1.48.jar:/Users/abhishekp/.m2/repository/net/bytebuddy/byte-buddy/1.7.5/byte-buddy-1.7.5.jar:/Users/abhishekp/.m2/repository/org/apache/commons/commons-exec/1.3/commons-exec-1.3.jar:/Users/abhishekp/.m2/repository/org/apache/commons/commons-lang3/3.7/commons-lang3-3.7.jar:/Users/abhishekp/.m2/repository/org/apache/commons/commons-text/1.1/commons-text-1.1.jar:/Users/abhishekp/.m2/repository/commons-codec/commons-codec/1.10/commons-codec-1.10.jar:/Users/abhishekp/.m2/repository/commons-io/commons-io/2.6/commons-io-2.6.jar:/Users/abhishekp/.m2/repository/commons-logging/commons-logging/1.2/commons-logging-1.2.jar:/Users/abhishekp/.m2/repository/commons-net/commons-net/3.6/commons-net-3.6.jar:/Users/abhishekp/.m2/repository/org/w3c/css/sac/1.3/sac-1.3.jar:/Users/abhishekp/.m2/repository/net/sourceforge/cssparser/cssparser/0.9.24/cssparser-0.9.24.jar:/Users/abhishekp/.m2/repository/com/google/code/gson/gson/2.8.2/gson-2.8.2.jar:/Users/abhishekp/.m2/repository/com/google/guava/guava/23.0/guava-23.0.jar:/Users/abhishekp/.m2/repository/com/google/code/findbugs/jsr305/1.3.9/jsr305-1.3.9.jar:/Users/abhishekp/.m2/repository/com/google/errorprone/error_prone_annotations/2.0.18/error_prone_annotations-2.0.18.jar:/Users/abhishekp/.m2/repository/com/google/j2objc/j2objc-annotations/1.1/j2objc-annotations-1.1.jar:/Users/abhishekp/.m2/repository/org/codehaus/mojo/animal-sniffer-annotations/1.14/animal-sniffer-annotations-1.14.jar:/Users/abhishekp/.m2/repository/net/sourceforge/htmlunit/htmlunit/2.28/htmlunit-2.28.jar:/Users/abhishekp/.m2/repository/net/sourceforge/htmlunit/htmlunit-core-js/2.28/htmlunit-core-js-2.28.jar:/Users/abhishekp/.m2/repository/net/sourceforge/htmlunit/neko-htmlunit/2.28/neko-htmlunit-2.28.jar:/Users/abhishekp/.m2/repository/org/apache/httpcomponents/httpclient/4.5.3/httpclient-4.5.3.jar:/Users/abhishekp/.m2/repository/org/apache/httpcomponents/httpcore/4.4.6/httpcore-4.4.6.jar:/Users/abhishekp/.m2/repository/org/apache/httpcomponents/httpmime/4.5.3/httpmime-4.5.3.jar:/Users/abhishekp/.m2/repository/net/jcip/jcip-annotations/1.0/jcip-annotations-1.0.jar:/Users/abhishekp/.m2/repository/org/seleniumhq/selenium/jetty-repacked/9.4.7.v20170914/jetty-repacked-9.4.7.v20170914.jar:/Users/abhishekp/.m2/repository/org/eclipse/jetty/jetty-client/9.4.7.v20170914/jetty-client-9.4.7.v20170914.jar:/Users/abhishekp/.m2/repository/org/eclipse/jetty/jetty-http/9.4.7.v20170914/jetty-http-9.4.7.v20170914.jar:/Users/abhishekp/.m2/repository/org/eclipse/jetty/jetty-io/9.4.7.v20170914/jetty-io-9.4.7.v20170914.jar:/Users/abhishekp/.m2/repository/org/eclipse/jetty/jetty-util/9.4.7.v20170914/jetty-util-9.4.7.v20170914.jar:/Users/abhishekp/.m2/repository/org/eclipse/jetty/jetty-xml/9.4.7.v20170914/jetty-xml-9.4.7.v20170914.jar:/Users/abhishekp/.m2/repository/org/seleniumhq/selenium/htmlunit-driver/2.28/htmlunit-driver-2.28.jar:/Users/abhishekp/.m2/repository/javax/servlet/javax.servlet-api/3.1.0/javax.servlet-api-3.1.0.jar:/Users/abhishekp/.m2/repository/org/eclipse/jetty/websocket/websocket-api/9.4.7.v20170914/websocket-api-9.4.7.v20170914.jar:/Users/abhishekp/.m2/repository/org/eclipse/jetty/websocket/websocket-client/9.4.7.v20170914/websocket-client-9.4.7.v20170914.jar:/Users/abhishekp/.m2/repository/org/eclipse/jetty/websocket/websocket-common/9.4.7.v20170914/websocket-common-9.4.7.v20170914.jar:/Users/abhishekp/.m2/repository/xalan/serializer/2.7.2/serializer-2.7.2.jar:/Users/abhishekp/.m2/repository/xalan/xalan/2.7.2/xalan-2.7.2.jar:/Users/abhishekp/.m2/repository/xerces/xercesImpl/2.11.0/xercesImpl-2.11.0.jar:/Users/abhishekp/.m2/repository/xml-apis/xml-apis/1.4.01/xml-apis-1.4.01.jar:/Users/abhishekp/.m2/repository/org/yaml/snakeyaml/1.15/snakeyaml-1.15.jar:/Users/abhishekp/.m2/repository/info/cukes/cucumber-testng/1.2.5/cucumber-testng-1.2.5.jar:/Users/abhishekp/.m2/repository/org/testng/testng/6.9.10/testng-6.9.10.jar:/Users/abhishekp/.m2/repository/org/beanshell/bsh/2.0b4/bsh-2.0b4.jar:/Users/abhishekp/.m2/repository/ru/sbtqa/tag/page-factory/1.3.0/page-factory-1.3.0.jar:/Users/abhishekp/.m2/repository/ru/sbtqa/tag/qa-utils/1.2.2/qa-utils-1.2.2.jar:/Users/abhishekp/.m2/repository/org/slf4j/slf4j-api/1.7.22/slf4j-api-1.7.22.jar:/Users/abhishekp/.m2/repository/org/slf4j/slf4j-simple/1.7.22/slf4j-simple-1.7.22.jar:/Users/abhishekp/.m2/repository/ru/sbtqa/tag/cucumber-runner/1.0.2/cucumber-runner-1.0.2.jar:/Users/abhishekp/.m2/repository/info/cukes/cucumber-junit/1.2.5/cucumber-junit-1.2.5.jar:/Users/abhishekp/.m2/repository/ru/sbtqa/tag/datajack/1.2.0/datajack-1.2.0.jar:/Users/abhishekp/.m2/repository/org/mongodb/mongo-java-driver/3.2.2/mongo-java-driver-3.2.2.jar:/Users/abhishekp/.m2/repository/org/apache/poi/poi-ooxml/3.13/poi-ooxml-3.13.jar:/Users/abhishekp/.m2/repository/org/apache/poi/poi/3.13/poi-3.13.jar:/Users/abhishekp/.m2/repository/org/apache/poi/poi-ooxml-schemas/3.13/poi-ooxml-schemas-3.13.jar:/Users/abhishekp/.m2/repository/org/apache/xmlbeans/xmlbeans/2.6.0/xmlbeans-2.6.0.jar:/Users/abhishekp/.m2/repository/stax/stax-api/1.0.1/stax-api-1.0.1.jar:/Users/abhishekp/.m2/repository/ru/sbtqa/tag/allure-helper/1.1.0/allure-helper-1.1.0.jar:/Users/abhishekp/.m2/repository/org/aspectj/aspectjrt/1.8.9/aspectjrt-1.8.9.jar:/Users/abhishekp/.m2/repository/ru/yandex/qatools/allure/allure-java-annotations/1.5.0/allure-java-annotations-1.5.0.jar:/Users/abhishekp/.m2/repository/ru/yandex/qatools/allure/allure-model/1.5.0/allure-model-1.5.0.jar:/Users/abhishekp/.m2/repository/org/jvnet/jaxb2_commons/jaxb2-basics-runtime/0.9.3/jaxb2-basics-runtime-0.9.3.jar:/Users/abhishekp/.m2/repository/ru/yandex/qatools/properties/properties-loader/1.5/properties-loader-1.5.jar:/Users/abhishekp/.m2/repository/commons-beanutils/commons-beanutils-core/1.8.3/commons-beanutils-core-1.8.3.jar:/Users/abhishekp/.m2/repository/ru/yandex/qatools/allure/allure-java-adaptor-api/1.5.0/allure-java-adaptor-api-1.5.0.jar:/Users/abhishekp/.m2/repository/org/apache/tika/tika-core/1.7/tika-core-1.7.jar:/Users/abhishekp/.m2/repository/net/sf/qualitycheck/quality-check/1.3/quality-check-1.3.jar:/Users/abhishekp/.m2/repository/ru/yandex/qatools/allure/allure-cucumber-jvm-adaptor/1.6.1/allure-cucumber-jvm-adaptor-1.6.1.jar:/Users/abhishekp/.m2/repository/ru/yandex/qatools/allure/allure-java-aspects/1.5.0/allure-java-aspects-1.5.0.jar:/Users/abhishekp/.m2/repository/ru/yandex/qatools/allure/allure-commons/1.5.0/allure-commons-1.5.0.jar:/Users/abhishekp/.m2/repository/ru/sbtqa/tag/video-recorder/1.0.5/video-recorder-1.0.5.jar:/Users/abhishekp/.m2/repository/ru/sbtqa/monte-media/1.1.0-JAVA7/monte-media-1.1.0-JAVA7.jar:/Users/abhishekp/.m2/repository/io/appium/java-client/4.1.2/java-client-4.1.2.jar:/Users/abhishekp/.m2/repository/commons-validator/commons-validator/1.5.1/commons-validator-1.5.1.jar:/Users/abhishekp/.m2/repository/commons-beanutils/commons-beanutils/1.9.2/commons-beanutils-1.9.2.jar:/Users/abhishekp/.m2/repository/commons-digester/commons-digester/1.8.1/commons-digester-1.8.1.jar:/Users/abhishekp/.m2/repository/commons-collections/commons-collections/3.2.2/commons-collections-3.2.2.jar:/Users/abhishekp/.m2/repository/cglib/cglib-nodep/3.2.4/cglib-nodep-3.2.4.jar:/Users/abhishekp/.m2/repository/org/springframework/spring-context/4.3.2.RELEASE/spring-context-4.3.2.RELEASE.jar:/Users/abhishekp/.m2/repository/org/springframework/spring-aop/4.3.2.RELEASE/spring-aop-4.3.2.RELEASE.jar:/Users/abhishekp/.m2/repository/org/springframework/spring-beans/4.3.2.RELEASE/spring-beans-4.3.2.RELEASE.jar:/Users/abhishekp/.m2/repository/org/springframework/spring-core/4.3.2.RELEASE/spring-core-4.3.2.RELEASE.jar:/Users/abhishekp/.m2/repository/org/springframework/spring-expression/4.3.2.RELEASE/spring-expression-4.3.2.RELEASE.jar:/Users/abhishekp/.m2/repository/org/aspectj/aspectjweaver/1.8.9/aspectjweaver-1.8.9.jar:/Users/abhishekp/.m2/repository/junit/junit/4.12/junit-4.12.jar:/Users/abhishekp/.m2/repository/org/hamcrest/hamcrest-core/1.3/hamcrest-core-1.3.jar:/Users/abhishekp/.m2/repository/net/lightbody/bmp/browsermob-core/2.1.0-beta-4/browsermob-core-2.1.0-beta-4.jar:/Users/abhishekp/.m2/repository/com/fasterxml/jackson/core/jackson-core/2.6.3/jackson-core-2.6.3.jar:/Users/abhishekp/.m2/repository/com/fasterxml/jackson/core/jackson-databind/2.6.3/jackson-databind-2.6.3.jar:/Users/abhishekp/.m2/repository/com/fasterxml/jackson/core/jackson-annotations/2.6.3/jackson-annotations-2.6.3.jar:/Users/abhishekp/.m2/repository/org/slf4j/jcl-over-slf4j/1.7.13/jcl-over-slf4j-1.7.13.jar:/Users/abhishekp/.m2/repository/net/sf/uadetector/uadetector-resources/2014.10/uadetector-resources-2014.10.jar:/Users/abhishekp/.m2/repository/net/sf/uadetector/uadetector-core/0.9.22/uadetector-core-0.9.22.jar:/Users/abhishekp/.m2/repository/javax/annotation/jsr250-api/1.0/jsr250-api-1.0.jar:/Users/abhishekp/.m2/repository/javax/servlet/servlet-api/2.5/servlet-api-2.5.jar:/Users/abhishekp/.m2/repository/org/bouncycastle/bcprov-jdk15on/1.47/bcprov-jdk15on-1.47.jar:/Users/abhishekp/.m2/repository/dnsjava/dnsjava/2.1.7/dnsjava-2.1.7.jar:/Users/abhishekp/.m2/repository/net/lightbody/bmp/mitm/2.1.0-beta-4/mitm-2.1.0-beta-4.jar:/Users/abhishekp/.m2/repository/net/lightbody/bmp/browsermob-core-littleproxy/2.1.0-beta-4/browsermob-core-littleproxy-2.1.0-beta-4.jar:/Users/abhishekp/.m2/repository/net/lightbody/bmp/littleproxy/1.1.0-beta-bmp-10/littleproxy-1.1.0-beta-bmp-10.jar:/Users/abhishekp/.m2/repository/commons-cli/commons-cli/1.3.1/commons-cli-1.3.1.jar:/Users/abhishekp/.m2/repository/com/jcraft/jzlib/1.1.3/jzlib-1.1.3.jar:/Users/abhishekp/.m2/repository/io/netty/netty-all/4.0.33.Final/netty-all-4.0.33.Final.jar:/Users/abhishekp/.m2/repository/org/bouncycastle/bcpkix-jdk15on/1.53/bcpkix-jdk15on-1.53.jar:/Users/abhishekp/.m2/repository/ru/sbtqa/htmlelements/htmlelements-java/1.17-JAVA7/htmlelements-java-1.17-JAVA7.jar:/Users/abhishekp/.m2/repository/org/reflections/reflections/0.9.10/reflections-0.9.10.jar:/Users/abhishekp/.m2/repository/org/javassist/javassist/3.19.0-GA/javassist-3.19.0-GA.jar:/Users/abhishekp/.m2/repository/com/google/code/findbugs/annotations/2.0.1/annotations-2.0.1.jar:/Users/abhishekp/.m2/repository/org/apache/maven/maven-project/2.0.10/maven-project-2.0.10.jar:/Users/abhishekp/.m2/repository/org/apache/maven/maven-settings/2.0.10/maven-settings-2.0.10.jar:/Users/abhishekp/.m2/repository/org/apache/maven/maven-profile/2.0.10/maven-profile-2.0.10.jar:/Users/abhishekp/.m2/repository/org/apache/maven/maven-model/2.0.10/maven-model-2.0.10.jar:/Users/abhishekp/.m2/repository/org/apache/maven/maven-artifact-manager/2.0.10/maven-artifact-manager-2.0.10.jar:/Users/abhishekp/.m2/repository/org/apache/maven/maven-repository-metadata/2.0.10/maven-repository-metadata-2.0.10.jar:/Users/abhishekp/.m2/repository/org/apache/maven/wagon/wagon-provider-api/1.0-beta-2/wagon-provider-api-1.0-beta-2.jar:/Users/abhishekp/.m2/repository/org/apache/maven/maven-plugin-registry/2.0.10/maven-plugin-registry-2.0.10.jar:/Users/abhishekp/.m2/repository/org/codehaus/plexus/plexus-interpolation/1.1/plexus-interpolation-1.1.jar:/Users/abhishekp/.m2/repository/org/codehaus/plexus/plexus-utils/1.5.5/plexus-utils-1.5.5.jar:/Users/abhishekp/.m2/repository/org/apache/maven/maven-artifact/2.0.10/maven-artifact-2.0.10.jar:/Users/abhishekp/.m2/repository/org/codehaus/plexus/plexus-container-default/1.0-alpha-9-stable-1/plexus-container-default-1.0-alpha-9-stable-1.jar:/Users/abhishekp/.m2/repository/classworlds/classworlds/1.1-alpha-2/classworlds-1.1-alpha-2.jar:/Users/abhishekp/.m2/repository/log4j/log4j/1.2.17/log4j-1.2.17.jar:"/>
    <property name="java.vm.vendor" value="Oracle Corporation"/>
    <property name="sun.arch.data.model" value="64"/>
    <property name="java.vendor.url" value="https://java.oracle.com/"/>
    <property name="user.timezone" value="Asia/Kolkata"/>
    <property name="os.name" value="Mac OS X"/>
    <property name="java.vm.specification.version" value="12"/>
    <property name="sun.java.launcher" value="SUN_STANDARD"/>
    <property name="user.country" value="IN"/>
    <property name="sun.boot.library.path" value="/Library/Java/JavaVirtualMachines/jdk-12.jdk/Contents/Home/lib"/>
    <property name="sun.java.command" value="/Users/abhishekp/eclipse-workspace/CucumberBDDTestProject/target/surefire/surefirebooter8324892135691013204.jar /Users/abhishekp/eclipse-workspace/CucumberBDDTestProject/target/surefire 2021-07-11T18-35-16_581-jvmRun1 surefire10163125167142547175tmp surefire_09218288714486569772tmp"/>
    <property name="http.nonProxyHosts" value="local|*.local|169.254/16|*.169.254/16"/>
    <property name="jdk.debug" value="release"/>
    <property name="surefire.test.class.path" value="/Users/abhishekp/eclipse-workspace/CucumberBDDTestProject/target/test-classes:/Users/abhishekp/eclipse-workspace/CucumberBDDTestProject/target/classes:/Users/abhishekp/.m2/repository/info/cukes/cucumber-core/1.2.4/cucumber-core-1.2.4.jar:/Users/abhishekp/.m2/repository/info/cukes/cucumber-html/0.2.3/cucumber-html-0.2.3.jar:/Users/abhishekp/.m2/repository/info/cukes/cucumber-jvm-deps/1.0.5/cucumber-jvm-deps-1.0.5.jar:/Users/abhishekp/.m2/repository/info/cukes/gherkin/2.12.2/gherkin-2.12.2.jar:/Users/abhishekp/.m2/repository/info/cukes/cucumber-java/1.2.4/cucumber-java-1.2.4.jar:/Users/abhishekp/.m2/repository/com/vimalselvam/cucumber-extentsreport/1.1.0/cucumber-extentsreport-1.1.0.jar:/Users/abhishekp/.m2/repository/com/relevantcodes/extentreports/2.41.0/extentreports-2.41.0.jar:/Users/abhishekp/.m2/repository/org/jsoup/jsoup/1.8.3/jsoup-1.8.3.jar:/Users/abhishekp/.m2/repository/org/xerial/sqlite-jdbc/3.8.11.1/sqlite-jdbc-3.8.11.1.jar:/Users/abhishekp/.m2/repository/org/freemarker/freemarker/2.3.23/freemarker-2.3.23.jar:/Users/abhishekp/.m2/repository/org/mongodb/mongodb-driver/3.0.4/mongodb-driver-3.0.4.jar:/Users/abhishekp/.m2/repository/org/mongodb/bson/3.0.4/bson-3.0.4.jar:/Users/abhishekp/.m2/repository/org/mongodb/mongodb-driver-core/3.0.4/mongodb-driver-core-3.0.4.jar:/Users/abhishekp/.m2/repository/org/apache/directory/studio/org.apache.commons.codec/1.8/org.apache.commons.codec-1.8.jar:/Users/abhishekp/.m2/repository/info/cukes/cucumber-picocontainer/1.2.4/cucumber-picocontainer-1.2.4.jar:/Users/abhishekp/.m2/repository/org/picocontainer/picocontainer/2.15/picocontainer-2.15.jar:/Users/abhishekp/.m2/repository/org/seleniumhq/selenium/selenium-server/3.8.1/selenium-server-3.8.1.jar:/Users/abhishekp/.m2/repository/org/seleniumhq/selenium/selenium-java/3.8.1/selenium-java-3.8.1.jar:/Users/abhishekp/.m2/repository/org/seleniumhq/selenium/selenium-api/3.8.1/selenium-api-3.8.1.jar:/Users/abhishekp/.m2/repository/org/seleniumhq/selenium/selenium-chrome-driver/3.8.1/selenium-chrome-driver-3.8.1.jar:/Users/abhishekp/.m2/repository/org/seleniumhq/selenium/selenium-edge-driver/3.8.1/selenium-edge-driver-3.8.1.jar:/Users/abhishekp/.m2/repository/org/seleniumhq/selenium/selenium-firefox-driver/3.8.1/selenium-firefox-driver-3.8.1.jar:/Users/abhishekp/.m2/repository/org/seleniumhq/selenium/selenium-ie-driver/3.8.1/selenium-ie-driver-3.8.1.jar:/Users/abhishekp/.m2/repository/org/seleniumhq/selenium/selenium-opera-driver/3.8.1/selenium-opera-driver-3.8.1.jar:/Users/abhishekp/.m2/repository/org/seleniumhq/selenium/selenium-remote-driver/3.8.1/selenium-remote-driver-3.8.1.jar:/Users/abhishekp/.m2/repository/org/seleniumhq/selenium/selenium-safari-driver/3.8.1/selenium-safari-driver-3.8.1.jar:/Users/abhishekp/.m2/repository/org/seleniumhq/selenium/selenium-support/3.8.1/selenium-support-3.8.1.jar:/Users/abhishekp/.m2/repository/com/beust/jcommander/1.48/jcommander-1.48.jar:/Users/abhishekp/.m2/repository/net/bytebuddy/byte-buddy/1.7.5/byte-buddy-1.7.5.jar:/Users/abhishekp/.m2/repository/org/apache/commons/commons-exec/1.3/commons-exec-1.3.jar:/Users/abhishekp/.m2/repository/org/apache/commons/commons-lang3/3.7/commons-lang3-3.7.jar:/Users/abhishekp/.m2/repository/org/apache/commons/commons-text/1.1/commons-text-1.1.jar:/Users/abhishekp/.m2/repository/commons-codec/commons-codec/1.10/commons-codec-1.10.jar:/Users/abhishekp/.m2/repository/commons-io/commons-io/2.6/commons-io-2.6.jar:/Users/abhishekp/.m2/repository/commons-logging/commons-logging/1.2/commons-logging-1.2.jar:/Users/abhishekp/.m2/repository/commons-net/commons-net/3.6/commons-net-3.6.jar:/Users/abhishekp/.m2/repository/org/w3c/css/sac/1.3/sac-1.3.jar:/Users/abhishekp/.m2/repository/net/sourceforge/cssparser/cssparser/0.9.24/cssparser-0.9.24.jar:/Users/abhishekp/.m2/repository/com/google/code/gson/gson/2.8.2/gson-2.8.2.jar:/Users/abhishekp/.m2/repository/com/google/guava/guava/23.0/guava-23.0.jar:/Users/abhishekp/.m2/repository/com/google/code/findbugs/jsr305/1.3.9/jsr305-1.3.9.jar:/Users/abhishekp/.m2/repository/com/google/errorprone/error_prone_annotations/2.0.18/error_prone_annotations-2.0.18.jar:/Users/abhishekp/.m2/repository/com/google/j2objc/j2objc-annotations/1.1/j2objc-annotations-1.1.jar:/Users/abhishekp/.m2/repository/org/codehaus/mojo/animal-sniffer-annotations/1.14/animal-sniffer-annotations-1.14.jar:/Users/abhishekp/.m2/repository/net/sourceforge/htmlunit/htmlunit/2.28/htmlunit-2.28.jar:/Users/abhishekp/.m2/repository/net/sourceforge/htmlunit/htmlunit-core-js/2.28/htmlunit-core-js-2.28.jar:/Users/abhishekp/.m2/repository/net/sourceforge/htmlunit/neko-htmlunit/2.28/neko-htmlunit-2.28.jar:/Users/abhishekp/.m2/repository/org/apache/httpcomponents/httpclient/4.5.3/httpclient-4.5.3.jar:/Users/abhishekp/.m2/repository/org/apache/httpcomponents/httpcore/4.4.6/httpcore-4.4.6.jar:/Users/abhishekp/.m2/repository/org/apache/httpcomponents/httpmime/4.5.3/httpmime-4.5.3.jar:/Users/abhishekp/.m2/repository/net/jcip/jcip-annotations/1.0/jcip-annotations-1.0.jar:/Users/abhishekp/.m2/repository/org/seleniumhq/selenium/jetty-repacked/9.4.7.v20170914/jetty-repacked-9.4.7.v20170914.jar:/Users/abhishekp/.m2/repository/org/eclipse/jetty/jetty-client/9.4.7.v20170914/jetty-client-9.4.7.v20170914.jar:/Users/abhishekp/.m2/repository/org/eclipse/jetty/jetty-http/9.4.7.v20170914/jetty-http-9.4.7.v20170914.jar:/Users/abhishekp/.m2/repository/org/eclipse/jetty/jetty-io/9.4.7.v20170914/jetty-io-9.4.7.v20170914.jar:/Users/abhishekp/.m2/repository/org/eclipse/jetty/jetty-util/9.4.7.v20170914/jetty-util-9.4.7.v20170914.jar:/Users/abhishekp/.m2/repository/org/eclipse/jetty/jetty-xml/9.4.7.v20170914/jetty-xml-9.4.7.v20170914.jar:/Users/abhishekp/.m2/repository/org/seleniumhq/selenium/htmlunit-driver/2.28/htmlunit-driver-2.28.jar:/Users/abhishekp/.m2/repository/javax/servlet/javax.servlet-api/3.1.0/javax.servlet-api-3.1.0.jar:/Users/abhishekp/.m2/repository/org/eclipse/jetty/websocket/websocket-api/9.4.7.v20170914/websocket-api-9.4.7.v20170914.jar:/Users/abhishekp/.m2/repository/org/eclipse/jetty/websocket/websocket-client/9.4.7.v20170914/websocket-client-9.4.7.v20170914.jar:/Users/abhishekp/.m2/repository/org/eclipse/jetty/websocket/websocket-common/9.4.7.v20170914/websocket-common-9.4.7.v20170914.jar:/Users/abhishekp/.m2/repository/xalan/serializer/2.7.2/serializer-2.7.2.jar:/Users/abhishekp/.m2/repository/xalan/xalan/2.7.2/xalan-2.7.2.jar:/Users/abhishekp/.m2/repository/xerces/xercesImpl/2.11.0/xercesImpl-2.11.0.jar:/Users/abhishekp/.m2/repository/xml-apis/xml-apis/1.4.01/xml-apis-1.4.01.jar:/Users/abhishekp/.m2/repository/org/yaml/snakeyaml/1.15/snakeyaml-1.15.jar:/Users/abhishekp/.m2/repository/info/cukes/cucumber-testng/1.2.5/cucumber-testng-1.2.5.jar:/Users/abhishekp/.m2/repository/org/testng/testng/6.9.10/testng-6.9.10.jar:/Users/abhishekp/.m2/repository/org/beanshell/bsh/2.0b4/bsh-2.0b4.jar:/Users/abhishekp/.m2/repository/ru/sbtqa/tag/page-factory/1.3.0/page-factory-1.3.0.jar:/Users/abhishekp/.m2/repository/ru/sbtqa/tag/qa-utils/1.2.2/qa-utils-1.2.2.jar:/Users/abhishekp/.m2/repository/org/slf4j/slf4j-api/1.7.22/slf4j-api-1.7.22.jar:/Users/abhishekp/.m2/repository/org/slf4j/slf4j-simple/1.7.22/slf4j-simple-1.7.22.jar:/Users/abhishekp/.m2/repository/ru/sbtqa/tag/cucumber-runner/1.0.2/cucumber-runner-1.0.2.jar:/Users/abhishekp/.m2/repository/info/cukes/cucumber-junit/1.2.5/cucumber-junit-1.2.5.jar:/Users/abhishekp/.m2/repository/ru/sbtqa/tag/datajack/1.2.0/datajack-1.2.0.jar:/Users/abhishekp/.m2/repository/org/mongodb/mongo-java-driver/3.2.2/mongo-java-driver-3.2.2.jar:/Users/abhishekp/.m2/repository/org/apache/poi/poi-ooxml/3.13/poi-ooxml-3.13.jar:/Users/abhishekp/.m2/repository/org/apache/poi/poi/3.13/poi-3.13.jar:/Users/abhishekp/.m2/repository/org/apache/poi/poi-ooxml-schemas/3.13/poi-ooxml-schemas-3.13.jar:/Users/abhishekp/.m2/repository/org/apache/xmlbeans/xmlbeans/2.6.0/xmlbeans-2.6.0.jar:/Users/abhishekp/.m2/repository/stax/stax-api/1.0.1/stax-api-1.0.1.jar:/Users/abhishekp/.m2/repository/ru/sbtqa/tag/allure-helper/1.1.0/allure-helper-1.1.0.jar:/Users/abhishekp/.m2/repository/org/aspectj/aspectjrt/1.8.9/aspectjrt-1.8.9.jar:/Users/abhishekp/.m2/repository/ru/yandex/qatools/allure/allure-java-annotations/1.5.0/allure-java-annotations-1.5.0.jar:/Users/abhishekp/.m2/repository/ru/yandex/qatools/allure/allure-model/1.5.0/allure-model-1.5.0.jar:/Users/abhishekp/.m2/repository/org/jvnet/jaxb2_commons/jaxb2-basics-runtime/0.9.3/jaxb2-basics-runtime-0.9.3.jar:/Users/abhishekp/.m2/repository/ru/yandex/qatools/properties/properties-loader/1.5/properties-loader-1.5.jar:/Users/abhishekp/.m2/repository/commons-beanutils/commons-beanutils-core/1.8.3/commons-beanutils-core-1.8.3.jar:/Users/abhishekp/.m2/repository/ru/yandex/qatools/allure/allure-java-adaptor-api/1.5.0/allure-java-adaptor-api-1.5.0.jar:/Users/abhishekp/.m2/repository/org/apache/tika/tika-core/1.7/tika-core-1.7.jar:/Users/abhishekp/.m2/repository/net/sf/qualitycheck/quality-check/1.3/quality-check-1.3.jar:/Users/abhishekp/.m2/repository/ru/yandex/qatools/allure/allure-cucumber-jvm-adaptor/1.6.1/allure-cucumber-jvm-adaptor-1.6.1.jar:/Users/abhishekp/.m2/repository/ru/yandex/qatools/allure/allure-java-aspects/1.5.0/allure-java-aspects-1.5.0.jar:/Users/abhishekp/.m2/repository/ru/yandex/qatools/allure/allure-commons/1.5.0/allure-commons-1.5.0.jar:/Users/abhishekp/.m2/repository/ru/sbtqa/tag/video-recorder/1.0.5/video-recorder-1.0.5.jar:/Users/abhishekp/.m2/repository/ru/sbtqa/monte-media/1.1.0-JAVA7/monte-media-1.1.0-JAVA7.jar:/Users/abhishekp/.m2/repository/io/appium/java-client/4.1.2/java-client-4.1.2.jar:/Users/abhishekp/.m2/repository/commons-validator/commons-validator/1.5.1/commons-validator-1.5.1.jar:/Users/abhishekp/.m2/repository/commons-beanutils/commons-beanutils/1.9.2/commons-beanutils-1.9.2.jar:/Users/abhishekp/.m2/repository/commons-digester/commons-digester/1.8.1/commons-digester-1.8.1.jar:/Users/abhishekp/.m2/repository/commons-collections/commons-collections/3.2.2/commons-collections-3.2.2.jar:/Users/abhishekp/.m2/repository/cglib/cglib-nodep/3.2.4/cglib-nodep-3.2.4.jar:/Users/abhishekp/.m2/repository/org/springframework/spring-context/4.3.2.RELEASE/spring-context-4.3.2.RELEASE.jar:/Users/abhishekp/.m2/repository/org/springframework/spring-aop/4.3.2.RELEASE/spring-aop-4.3.2.RELEASE.jar:/Users/abhishekp/.m2/repository/org/springframework/spring-beans/4.3.2.RELEASE/spring-beans-4.3.2.RELEASE.jar:/Users/abhishekp/.m2/repository/org/springframework/spring-core/4.3.2.RELEASE/spring-core-4.3.2.RELEASE.jar:/Users/abhishekp/.m2/repository/org/springframework/spring-expression/4.3.2.RELEASE/spring-expression-4.3.2.RELEASE.jar:/Users/abhishekp/.m2/repository/org/aspectj/aspectjweaver/1.8.9/aspectjweaver-1.8.9.jar:/Users/abhishekp/.m2/repository/junit/junit/4.12/junit-4.12.jar:/Users/abhishekp/.m2/repository/org/hamcrest/hamcrest-core/1.3/hamcrest-core-1.3.jar:/Users/abhishekp/.m2/repository/net/lightbody/bmp/browsermob-core/2.1.0-beta-4/browsermob-core-2.1.0-beta-4.jar:/Users/abhishekp/.m2/repository/com/fasterxml/jackson/core/jackson-core/2.6.3/jackson-core-2.6.3.jar:/Users/abhishekp/.m2/repository/com/fasterxml/jackson/core/jackson-databind/2.6.3/jackson-databind-2.6.3.jar:/Users/abhishekp/.m2/repository/com/fasterxml/jackson/core/jackson-annotations/2.6.3/jackson-annotations-2.6.3.jar:/Users/abhishekp/.m2/repository/org/slf4j/jcl-over-slf4j/1.7.13/jcl-over-slf4j-1.7.13.jar:/Users/abhishekp/.m2/repository/net/sf/uadetector/uadetector-resources/2014.10/uadetector-resources-2014.10.jar:/Users/abhishekp/.m2/repository/net/sf/uadetector/uadetector-core/0.9.22/uadetector-core-0.9.22.jar:/Users/abhishekp/.m2/repository/javax/annotation/jsr250-api/1.0/jsr250-api-1.0.jar:/Users/abhishekp/.m2/repository/javax/servlet/servlet-api/2.5/servlet-api-2.5.jar:/Users/abhishekp/.m2/repository/org/bouncycastle/bcprov-jdk15on/1.47/bcprov-jdk15on-1.47.jar:/Users/abhishekp/.m2/repository/dnsjava/dnsjava/2.1.7/dnsjava-2.1.7.jar:/Users/abhishekp/.m2/repository/net/lightbody/bmp/mitm/2.1.0-beta-4/mitm-2.1.0-beta-4.jar:/Users/abhishekp/.m2/repository/net/lightbody/bmp/browsermob-core-littleproxy/2.1.0-beta-4/browsermob-core-littleproxy-2.1.0-beta-4.jar:/Users/abhishekp/.m2/repository/net/lightbody/bmp/littleproxy/1.1.0-beta-bmp-10/littleproxy-1.1.0-beta-bmp-10.jar:/Users/abhishekp/.m2/repository/commons-cli/commons-cli/1.3.1/commons-cli-1.3.1.jar:/Users/abhishekp/.m2/repository/com/jcraft/jzlib/1.1.3/jzlib-1.1.3.jar:/Users/abhishekp/.m2/repository/io/netty/netty-all/4.0.33.Final/netty-all-4.0.33.Final.jar:/Users/abhishekp/.m2/repository/org/bouncycastle/bcpkix-jdk15on/1.53/bcpkix-jdk15on-1.53.jar:/Users/abhishekp/.m2/repository/ru/sbtqa/htmlelements/htmlelements-java/1.17-JAVA7/htmlelements-java-1.17-JAVA7.jar:/Users/abhishekp/.m2/repository/org/reflections/reflections/0.9.10/reflections-0.9.10.jar:/Users/abhishekp/.m2/repository/org/javassist/javassist/3.19.0-GA/javassist-3.19.0-GA.jar:/Users/abhishekp/.m2/repository/com/google/code/findbugs/annotations/2.0.1/annotations-2.0.1.jar:/Users/abhishekp/.m2/repository/org/apache/maven/maven-project/2.0.10/maven-project-2.0.10.jar:/Users/abhishekp/.m2/repository/org/apache/maven/maven-settings/2.0.10/maven-settings-2.0.10.jar:/Users/abhishekp/.m2/repository/org/apache/maven/maven-profile/2.0.10/maven-profile-2.0.10.jar:/Users/abhishekp/.m2/repository/org/apache/maven/maven-model/2.0.10/maven-model-2.0.10.jar:/Users/abhishekp/.m2/repository/org/apache/maven/maven-artifact-manager/2.0.10/maven-artifact-manager-2.0.10.jar:/Users/abhishekp/.m2/repository/org/apache/maven/maven-repository-metadata/2.0.10/maven-repository-metadata-2.0.10.jar:/Users/abhishekp/.m2/repository/org/apache/maven/wagon/wagon-provider-api/1.0-beta-2/wagon-provider-api-1.0-beta-2.jar:/Users/abhishekp/.m2/repository/org/apache/maven/maven-plugin-registry/2.0.10/maven-plugin-registry-2.0.10.jar:/Users/abhishekp/.m2/repository/org/codehaus/plexus/plexus-interpolation/1.1/plexus-interpolation-1.1.jar:/Users/abhishekp/.m2/repository/org/codehaus/plexus/plexus-utils/1.5.5/plexus-utils-1.5.5.jar:/Users/abhishekp/.m2/repository/org/apache/maven/maven-artifact/2.0.10/maven-artifact-2.0.10.jar:/Users/abhishekp/.m2/repository/org/codehaus/plexus/plexus-container-default/1.0-alpha-9-stable-1/plexus-container-default-1.0-alpha-9-stable-1.jar:/Users/abhishekp/.m2/repository/classworlds/classworlds/1.1-alpha-2/classworlds-1.1-alpha-2.jar:/Users/abhishekp/.m2/repository/log4j/log4j/1.2.17/log4j-1.2.17.jar:"/>
    <property name="sun.cpu.endian" value="little"/>
    <property name="user.home" value="/Users/abhishekp"/>
    <property name="user.language" value="en"/>
    <property name="java.specification.vendor" value="Oracle Corporation"/>
    <property name="java.version.date" value="2019-03-19"/>
    <property name="java.home" value="/Library/Java/JavaVirtualMachines/jdk-12.jdk/Contents/Home"/>
    <property name="file.separator" value="/"/>
    <property name="basedir" value="/Users/abhishekp/eclipse-workspace/CucumberBDDTestProject"/>
    <property name="java.vm.compressedOopsMode" value="Zero based"/>
    <property name="line.separator" value="&#10;"/>
    <property name="java.vm.specification.vendor" value="Oracle Corporation"/>
    <property name="java.specification.name" value="Java Platform API Specification"/>
    <property name="java.awt.graphicsenv" value="sun.awt.CGraphicsEnvironment"/>
    <property name="surefire.real.class.path" value="/Users/abhishekp/eclipse-workspace/CucumberBDDTestProject/target/surefire/surefirebooter8324892135691013204.jar"/>
    <property name="sun.management.compiler" value="HotSpot 64-Bit Tiered Compilers"/>
    <property name="ftp.nonProxyHosts" value="local|*.local|169.254/16|*.169.254/16"/>
    <property name="java.runtime.version" value="12+33"/>
    <property name="user.name" value="abhishekp"/>
    <property name="path.separator" value=":"/>
    <property name="os.version" value="10.13.6"/>
    <property name="java.runtime.name" value="Java(TM) SE Runtime Environment"/>
    <property name="file.encoding" value="UTF-8"/>
    <property name="java.vm.name" value="Java HotSpot(TM) 64-Bit Server VM"/>
    <property name="localRepository" value="/Users/abhishekp/.m2/repository"/>
    <property name="java.vendor.url.bug" value="https://bugreport.java.com/bugreport/"/>
    <property name="java.io.tmpdir" value="/var/folders/jg/4vstkf5s7f5fcvg4df8xbpnm5wlg7_/T/"/>
    <property name="java.version" value="12"/>
    <property name="user.dir" value="/Users/abhishekp/eclipse-workspace/CucumberBDDTestProject"/>
    <property name="os.arch" value="x86_64"/>
    <property name="java.vm.specification.name" value="Java Virtual Machine Specification"/>
    <property name="java.library.path" value="/Users/abhishekp/Library/Java/Extensions:/Library/Java/Extensions:/Network/Library/Java/Extensions:/System/Library/Java/Extensions:/usr/lib/java:."/>
    <property name="java.vm.info" value="mixed mode, sharing"/>
    <property name="java.vendor" value="Oracle Corporation"/>
    <property name="java.vm.version" value="12+33"/>
    <property name="sun.io.unicode.encoding" value="UnicodeBig"/>
    <property name="socksNonProxyHosts" value="local|*.local|169.254/16|*.169.254/16"/>
    <property name="java.class.version" value="56.0"/>
  </properties>
  <testcase name="feature[Acceptance testing to validate search cars page is working](1)" classname="runners.RunCuke" time="20.142">
    <system-out><![CDATA[11072021_063518
@Search-Cars
Feature: Acceptance testing to validate search cars page is working
  In order to validate that 
  the search cars page is working fine 
  we will do the acceptance testing.
Before
buy + sell
cars list found
Actual page title-->Bmw 1 Series Under 1000 for Sale ACT | carsguide
Expected page title-->Bmw 1 Series Under 1000 for Sale ACT | carsguide
false

  Scenario: Validate search cars page                                               &amp#27;[90m# SearchCars.feature:7&amp#27;[0m
    &amp#27;[32mGiven &amp#27;[0m&amp#27;[32mI am on the Home Page "&amp#27;[0m&amp#27;[32m&amp#27;[1mhttps://www.carsguide.com.au&amp#27;[0m&amp#27;[32m" of CarsGuide Website&amp#27;[0m &amp#27;[90m# SearchCarsSteps.i_am_on_the_home_page_of_cars_guide_com_website(String)&amp#27;[0m
    &amp#27;[32mWhen &amp#27;[0m&amp#27;[32mI move to car for sell menu&amp#27;[0m                                                &amp#27;[90m# SearchCarsSteps.i_move_to_car_for_sell_menu(String>)&amp#27;[0m
    &amp#27;[32mAnd &amp#27;[0m&amp#27;[32mClick on search cars link&amp#27;[0m                                                   &amp#27;[90m# SearchCarsSteps.click_on_search_cars_link()&amp#27;[0m
    &amp#27;[32mAnd &amp#27;[0m&amp#27;[32mselect carbrand as "&amp#27;[0m&amp#27;[32m&amp#27;[1mBMW&amp#27;[0m&amp#27;[32m" from AnyMake dropdown&amp#27;[0m                              &amp#27;[90m# SearchCarsSteps.select_car_brand_as_from_any_make_dropdown(String)&amp#27;[0m
    &amp#27;[32mAnd &amp#27;[0m&amp#27;[32mselect "&amp#27;[0m&amp#27;[32m&amp#27;[1m1 Series&amp#27;[0m&amp#27;[32m" as car model&amp#27;[0m                                              &amp#27;[90m# SearchCarsSteps.select_car_model_as_from_any_model_dropdown(String)&amp#27;[0m
    &amp#27;[32mAnd &amp#27;[0m&amp#27;[32mselect location as "&amp#27;[0m&amp#27;[32m&amp#27;[1mACT - All&amp#27;[0m&amp#27;[32m" from SelectLocation dropdown&amp#27;[0m                 &amp#27;[90m# SearchCarsSteps.select_car_location_as_from_any_location_dropdown(String)&amp#27;[0m
    &amp#27;[32mAnd &amp#27;[0m&amp#27;[32mselect "&amp#27;[0m&amp#27;[32m&amp#27;[1m$1,000&amp#27;[0m&amp#27;[32m" as price&amp#27;[0m                                                    &amp#27;[90m# SearchCarsSteps.select_car_price_as_from_price_dropdown(String)&amp#27;[0m
    &amp#27;[32mAnd &amp#27;[0m&amp#27;[32mclick on Find_My_Next_Car button&amp#27;[0m                                            &amp#27;[90m# SearchCarsSteps.click_on_find_my_next_car_button()&amp#27;[0m
    &amp#27;[32mThen &amp#27;[0m&amp#27;[32mI should see list of searched cars&amp#27;[0m                                         &amp#27;[90m# SearchCarsSteps.i_should_see_list_of_searched_cars()&amp#27;[0m
    &amp#27;[32mAnd &amp#27;[0m&amp#27;[32mthe page title should be "&amp#27;[0m&amp#27;[32m&amp#27;[1mBmw 1 Series Under 1000 for Sale ACT | carsguide&amp#27;[0m&amp#27;[32m"&amp#27;[0m &amp#27;[90m# SearchCarsSteps.the_page_title_should_be(String)&amp#27;[0m
]]></system-out>
    <system-err><![CDATA[Starting ChromeDriver 91.0.4472.101 (af52a90bf87030dd1523486a1cd3ae25c5d76c9b-refs/branch-heads/4472@{#1462}) on port 39714
Only local connections are allowed.
Please see https://chromedriver.chromium.org/security-considerations for suggestions on keeping ChromeDriver safe.
ChromeDriver was started successfully.
Jul 11, 2021 6:35:24 PM org.openqa.selenium.remote.ProtocolHandshake createSession
INFO: Detected dialect: W3C
log4j:WARN No appenders could be found for logger (freemarker.cache).
log4j:WARN Please initialize the log4j system properly.
log4j:WARN See http://logging.apache.org/log4j/1.2/faq.html#noconfig for more info.
]]></system-err>
  </testcase>
</testsuite>