<?xml version="1.0" encoding="UTF-8"?>
<!-- Generated by org.testng.reporters.JUnitReportReporter -->
<testsuite hostname="mcb-air-014.local" failures="0" tests="1" name="runners.RunCuke" time="20.029" errors="0" timestamp="11 Jul 2021 10:33:13 GMT">
  <testcase classname="runners.RunCuke" name="feature" time="20.029"/>
</testsuite> <!-- runners.RunCuke -->
